Mdi:ArrangeIcons
Mdi:ArrangeIcons
Mdi:ArrangeIcons
Mdi:ArrangeIcons
Mdi:ArrangeIcons
Mdi:ArrangeIcons
Mdi:ArrangeIcons
Mdi:ArrangeIcons
Mdi:ArrangeIcons
Mdi:ArrangeIcons
Mdi:ArrangeIcons
Mdi:ArrangeIcons
Mdi:ArrangeIcons
ScopeSigMgr:loadpffile /fs/student/junkaijiang/Desktop/research/ITRS_GNR/PTM/PTM-MG/test.sw0 1 openonly
# PF:1
wm geometry .sigmgr._PF:1 226x335+960+600
wm geometry .sigmgr._PF:1 226x335+972+600
wm geometry .sigmgr._PF:1 226x335+984+601
wm geometry .sigmgr._PF:1 226x335+1000+603
wm geometry .sigmgr._PF:1 226x335+1011+604
wm geometry .sigmgr._PF:1 226x335+1023+606
wm geometry .sigmgr._PF:1 226x335+1040+607
wm geometry .sigmgr._PF:1 226x335+1118+611
wm geometry .sigmgr._PF:1 226x335+1155+615
wm geometry .sigmgr._PF:1 226x335+1253+621
wm geometry .sigmgr._PF:1 226x335+1293+625
wm geometry .sigmgr._PF:1 226x335+1335+629
wm geometry .sigmgr._PF:1 226x335+1375+632
wm geometry .sigmgr._PF:1 226x335+1409+634
wm geometry .sigmgr._PF:1 226x335+1438+637
wm geometry .sigmgr._PF:1 226x335+1453+639
wm geometry .sigmgr._PF:1 226x335+1464+639
wm geometry .sigmgr._PF:1 226x335+1465+639
wm geometry .sigmgr._PF:1 226x335+1466+639
wm geometry .sigmgr._PF:1 226x335+1468+639
wm geometry .sigmgr._PF:1 226x335+1471+638
wm geometry .sigmgr._PF:1 226x335+1483+634
wm geometry .sigmgr._PF:1 226x335+1490+631
wm geometry .sigmgr._PF:1 226x335+1514+625
wm geometry .sigmgr._PF:1 226x335+1523+623
wm geometry .sigmgr._PF:1 226x335+1529+621
wm geometry .sigmgr._PF:1 226x335+1532+619
wm geometry .sigmgr._PF:1 226x335+1534+618
wm geometry .sigmgr._PF:1 226x335+1536+617
wm geometry .sigmgr._PF:1 226x335+1537+616
wm geometry .sigmgr._PF:1 226x335+1538+615
wm geometry .sigmgr._PF:1 226x335+1539+614
wm geometry .sigmgr._PF:1 226x335+1539+613
wm geometry .sigmgr._PF:1 226x335+1540+612
pf:read PF:1 i(vin)
# WF:1:1
Graph addsignal WF:1:1 -region new -yview real(y) -xview real(x) -tracehi 2
# Signal0
Mdi:ArrangeIcons
Mdi:ArrangeIcons
pf:read PF:1 v(gate)
# WF:1:2
Graph addsignal WF:1:2 -region new -yview real(y) -xview real(x) -tracehi 2
# Signal1
Mdi:ArrangeIcons
Mdi:ArrangeIcons
pf:read PF:1 v(out)
# WF:1:3
Graph addsignal WF:1:3 -region new -yview real(y) -xview real(x) -tracehi 2
# Signal2
Mdi:ArrangeIcons
Mdi:ArrangeIcons
Mdi:ArrangeIcons
Mdi:ArrangeIcons
Mdi:ArrangeIcons
Mdi:ArrangeIcons
wm geometry . 1920x1088+0+22
Mdi:FullSize
Mdi:ArrangeIcons
Mdi:ArrangeIcons
Mdi:ArrangeIcons
